<?xml version="1.0" encoding="UTF-8" ?>
<testsuite failures="2" time="0.19" errors="0" skipped="0" tests="6" name="lucandra.NumericRangeTests">
  <properties>
    <property name="java.runtime.name" value="Java(TM) SE Runtime Environment"/>
    <property name="sun.boot.library.path" value="/usr/lib/jvm/java-6-sun-1.6.0.20/jre/lib/amd64"/>
    <property name="java.vm.version" value="16.3-b01"/>
    <property name="java.vm.vendor" value="Sun Microsystems Inc."/>
    <property name="java.vendor.url" value="http://java.sun.com/"/>
    <property name="path.separator" value=":"/>
    <property name="java.vm.name" value="Java HotSpot(TM) 64-Bit Server VM"/>
    <property name="file.encoding.pkg" value="sun.io"/>
    <property name="user.country" value="NZ"/>
    <property name="sun.java.launcher" value="SUN_STANDARD"/>
    <property name="sun.os.patch.level" value="unknown"/>
    <property name="java.vm.specification.name" value="Java Virtual Machine Specification"/>
    <property name="user.dir" value="/home/toddnine/development/Lucandra"/>
    <property name="java.runtime.version" value="1.6.0_20-b02"/>
    <property name="java.awt.graphicsenv" value="sun.awt.X11GraphicsEnvironment"/>
    <property name="basedir" value="/home/toddnine/development/Lucandra"/>
    <property name="java.endorsed.dirs" value="/usr/lib/jvm/java-6-sun-1.6.0.20/jre/lib/endorsed"/>
    <property name="os.arch" value="amd64"/>
    <property name="surefire.real.class.path" value="/tmp/surefirebooter6913251821109199640.jar"/>
    <property name="java.io.tmpdir" value="/tmp"/>
    <property name="line.separator" value="
"/>
    <property name="java.vm.specification.vendor" value="Sun Microsystems Inc."/>
    <property name="os.name" value="Linux"/>
    <property name="sun.jnu.encoding" value="UTF-8"/>
    <property name="java.library.path" value="/usr/lib/jvm/java-6-sun-1.6.0.20/jre/lib/amd64/server:/usr/lib/jvm/java-6-sun-1.6.0.20/jre/lib/amd64:/usr/lib/jvm/java-6-sun-1.6.0.20/jre/../lib/amd64:/usr/java/packages/lib/amd64:/usr/lib64:/lib64:/lib:/usr/lib"/>
    <property name="surefire.test.class.path" value="/home/toddnine/development/Lucandra/target/test-classes:/home/toddnine/development/Lucandra/target/classes:/home/toddnine/.m2/repository/libthrift/libthrift/917130/libthrift-917130.jar:/home/toddnine/.m2/repository/org/apache/lucene/lucene-core/2.9.3/lucene-core-2.9.3.jar:/home/toddnine/.m2/repository/org/apache/lucene/lucene-highlighter/2.9.3/lucene-highlighter-2.9.3.jar:/home/toddnine/.m2/repository/org/apache/lucene/lucene-memory/2.9.3/lucene-memory-2.9.3.jar:/home/toddnine/.m2/repository/org/apache/lucene/lucene-misc/2.9.3/lucene-misc-2.9.3.jar:/home/toddnine/.m2/repository/org/apache/lucene/lucene-queries/2.9.3/lucene-queries-2.9.3.jar:/home/toddnine/.m2/repository/org/apache/lucene/lucene-snowball/2.9.3/lucene-snowball-2.9.3.jar:/home/toddnine/.m2/repository/org/apache/lucene/lucene-spellchecker/2.9.3/lucene-spellchecker-2.9.3.jar:/home/toddnine/.m2/repository/org/apache/solr/solr-core/1.4.0/solr-core-1.4.0.jar:/home/toddnine/.m2/repository/org/apache/solr/solr-solrj/1.4.0/solr-solrj-1.4.0.jar:/home/toddnine/.m2/repository/org/slf4j/slf4j-api/1.5.8/slf4j-api-1.5.8.jar:/home/toddnine/.m2/repository/commons-httpclient/commons-httpclient/3.1/commons-httpclient-3.1.jar:/home/toddnine/.m2/repository/commons-logging/commons-logging/1.0.4/commons-logging-1.0.4.jar:/home/toddnine/.m2/repository/commons-codec/commons-codec/1.3/commons-codec-1.3.jar:/home/toddnine/.m2/repository/commons-io/commons-io/1.4/commons-io-1.4.jar:/home/toddnine/.m2/repository/commons-fileupload/commons-fileupload/1.2.1/commons-fileupload-1.2.1.jar:/home/toddnine/.m2/repository/org/codehaus/woodstox/wstx-asl/3.2.7/wstx-asl-3.2.7.jar:/home/toddnine/.m2/repository/stax/stax-api/1.0.1/stax-api-1.0.1.jar:/home/toddnine/.m2/repository/org/apache/geronimo/specs/geronimo-stax-api_1.0_spec/1.0.1/geronimo-stax-api_1.0_spec-1.0.1.jar:/home/toddnine/.m2/repository/org/apache/lucene/lucene-analyzers/2.9.1/lucene-analyzers-2.9.1.jar:/home/toddnine/.m2/repository/org/apache/solr/solr-commons-csv/1.4.0/solr-commons-csv-1.4.0.jar:/home/toddnine/.m2/repository/woodstox/wstx-asl/3.2.7/wstx-asl-3.2.7.jar:/home/toddnine/.m2/repository/junit/junit/4.8.1/junit-4.8.1.jar:/home/toddnine/.m2/repository/commons-lang/commons-lang/2.4/commons-lang-2.4.jar:/home/toddnine/.m2/repository/org/slf4j/slf4j-log4j12/1.5.8/slf4j-log4j12-1.5.8.jar:/home/toddnine/.m2/repository/log4j/log4j/1.2.14/log4j-1.2.14.jar:/home/toddnine/.m2/repository/org/slf4j/slf4j-simple/1.5.8/slf4j-simple-1.5.8.jar:"/>
    <property name="java.specification.name" value="Java Platform API Specification"/>
    <property name="java.class.version" value="50.0"/>
    <property name="sun.management.compiler" value="HotSpot 64-Bit Server Compiler"/>
    <property name="os.version" value="2.6.32-22-server"/>
    <property name="user.home" value="/home/toddnine"/>
    <property name="user.timezone" value="Pacific/Auckland"/>
    <property name="java.awt.printerjob" value="sun.print.PSPrinterJob"/>
    <property name="file.encoding" value="UTF-8"/>
    <property name="java.specification.version" value="1.6"/>
    <property name="user.name" value="toddnine"/>
    <property name="java.class.path" value="/home/toddnine/development/Lucandra/target/test-classes:/home/toddnine/development/Lucandra/target/classes:/home/toddnine/.m2/repository/libthrift/libthrift/917130/libthrift-917130.jar:/home/toddnine/.m2/repository/org/apache/lucene/lucene-core/2.9.3/lucene-core-2.9.3.jar:/home/toddnine/.m2/repository/org/apache/lucene/lucene-highlighter/2.9.3/lucene-highlighter-2.9.3.jar:/home/toddnine/.m2/repository/org/apache/lucene/lucene-memory/2.9.3/lucene-memory-2.9.3.jar:/home/toddnine/.m2/repository/org/apache/lucene/lucene-misc/2.9.3/lucene-misc-2.9.3.jar:/home/toddnine/.m2/repository/org/apache/lucene/lucene-queries/2.9.3/lucene-queries-2.9.3.jar:/home/toddnine/.m2/repository/org/apache/lucene/lucene-snowball/2.9.3/lucene-snowball-2.9.3.jar:/home/toddnine/.m2/repository/org/apache/lucene/lucene-spellchecker/2.9.3/lucene-spellchecker-2.9.3.jar:/home/toddnine/.m2/repository/org/apache/solr/solr-core/1.4.0/solr-core-1.4.0.jar:/home/toddnine/.m2/repository/org/apache/solr/solr-solrj/1.4.0/solr-solrj-1.4.0.jar:/home/toddnine/.m2/repository/org/slf4j/slf4j-api/1.5.8/slf4j-api-1.5.8.jar:/home/toddnine/.m2/repository/commons-httpclient/commons-httpclient/3.1/commons-httpclient-3.1.jar:/home/toddnine/.m2/repository/commons-logging/commons-logging/1.0.4/commons-logging-1.0.4.jar:/home/toddnine/.m2/repository/commons-codec/commons-codec/1.3/commons-codec-1.3.jar:/home/toddnine/.m2/repository/commons-io/commons-io/1.4/commons-io-1.4.jar:/home/toddnine/.m2/repository/commons-fileupload/commons-fileupload/1.2.1/commons-fileupload-1.2.1.jar:/home/toddnine/.m2/repository/org/codehaus/woodstox/wstx-asl/3.2.7/wstx-asl-3.2.7.jar:/home/toddnine/.m2/repository/stax/stax-api/1.0.1/stax-api-1.0.1.jar:/home/toddnine/.m2/repository/org/apache/geronimo/specs/geronimo-stax-api_1.0_spec/1.0.1/geronimo-stax-api_1.0_spec-1.0.1.jar:/home/toddnine/.m2/repository/org/apache/lucene/lucene-analyzers/2.9.1/lucene-analyzers-2.9.1.jar:/home/toddnine/.m2/repository/org/apache/solr/solr-commons-csv/1.4.0/solr-commons-csv-1.4.0.jar:/home/toddnine/.m2/repository/woodstox/wstx-asl/3.2.7/wstx-asl-3.2.7.jar:/home/toddnine/.m2/repository/junit/junit/4.8.1/junit-4.8.1.jar:/home/toddnine/.m2/repository/commons-lang/commons-lang/2.4/commons-lang-2.4.jar:/home/toddnine/.m2/repository/org/slf4j/slf4j-log4j12/1.5.8/slf4j-log4j12-1.5.8.jar:/home/toddnine/.m2/repository/log4j/log4j/1.2.14/log4j-1.2.14.jar:/home/toddnine/.m2/repository/org/slf4j/slf4j-simple/1.5.8/slf4j-simple-1.5.8.jar:"/>
    <property name="java.vm.specification.version" value="1.0"/>
    <property name="sun.arch.data.model" value="64"/>
    <property name="java.home" value="/usr/lib/jvm/java-6-sun-1.6.0.20/jre"/>
    <property name="java.specification.vendor" value="Sun Microsystems Inc."/>
    <property name="user.language" value="en"/>
    <property name="java.vm.info" value="mixed mode"/>
    <property name="java.version" value="1.6.0_20"/>
    <property name="java.ext.dirs" value="/usr/lib/jvm/java-6-sun-1.6.0.20/jre/lib/ext:/usr/java/packages/lib/ext"/>
    <property name="sun.boot.class.path" value="/usr/lib/jvm/java-6-sun-1.6.0.20/jre/lib/resources.jar:/usr/lib/jvm/java-6-sun-1.6.0.20/jre/lib/rt.jar:/usr/lib/jvm/java-6-sun-1.6.0.20/jre/lib/sunrsasign.jar:/usr/lib/jvm/java-6-sun-1.6.0.20/jre/lib/jsse.jar:/usr/lib/jvm/java-6-sun-1.6.0.20/jre/lib/jce.jar:/usr/lib/jvm/java-6-sun-1.6.0.20/jre/lib/charsets.jar:/usr/lib/jvm/java-6-sun-1.6.0.20/jre/classes"/>
    <property name="java.vendor" value="Sun Microsystems Inc."/>
    <property name="localRepository" value="/home/toddnine/.m2/repository"/>
    <property name="file.separator" value="/"/>
    <property name="java.vendor.url.bug" value="http://java.sun.com/cgi-bin/bugreport.cgi"/>
    <property name="sun.cpu.endian" value="little"/>
    <property name="sun.io.unicode.encoding" value="UnicodeLittle"/>
    <property name="sun.desktop" value="gnome"/>
    <property name="sun.cpu.isalist" value=""/>
  </properties>
  <testcase time="0.045" classname="lucandra.NumericRangeTests" name="testLongRangeInclusive"/>
  <testcase time="0.047" classname="lucandra.NumericRangeTests" name="testLongRangeExclusive"/>
  <testcase time="0.031" classname="lucandra.NumericRangeTests" name="testLongRangeLessExclusive"/>
  <testcase time="0.029" classname="lucandra.NumericRangeTests" name="testLongRangeLessInclusive"/>
  <testcase time="0.004" classname="lucandra.NumericRangeTests" name="testLongRangeZeroAll">
    <failure message="expected:&lt;3&gt; but was:&lt;0&gt;" type="java.lang.AssertionError">java.lang.AssertionError: expected:&lt;3&gt; but was:&lt;0&gt;
	at org.junit.Assert.fail(Assert.java:91)
	at org.junit.Assert.failNotEquals(Assert.java:645)
	at org.junit.Assert.assertEquals(Assert.java:126)
	at org.junit.Assert.assertEquals(Assert.java:470)
	at org.junit.Assert.assertEquals(Assert.java:454)
	at lucandra.NumericRangeTests.testLongRangeZeroAll(NumericRangeTests.java:261)
	at sun.reflect.NativeMethodAccessorImpl.invoke0(Native Method)
	at sun.reflect.NativeMethodAccessorImpl.invoke(NativeMethodAccessorImpl.java:39)
	at sun.reflect.DelegatingMethodAccessorImpl.invoke(DelegatingMethodAccessorImpl.java:25)
	at java.lang.reflect.Method.invoke(Method.java:597)
	at org.junit.runners.model.FrameworkMethod$1.runReflectiveCall(FrameworkMethod.java:44)
	at org.junit.internal.runners.model.ReflectiveCallable.run(ReflectiveCallable.java:15)
	at org.junit.runners.model.FrameworkMethod.invokeExplosively(FrameworkMethod.java:41)
	at org.junit.internal.runners.statements.InvokeMethod.evaluate(InvokeMethod.java:20)
	at org.junit.internal.runners.statements.RunBefores.evaluate(RunBefores.java:28)
	at org.junit.runners.BlockJUnit4ClassRunner.runChild(BlockJUnit4ClassRunner.java:76)
	at org.junit.runners.BlockJUnit4ClassRunner.runChild(BlockJUnit4ClassRunner.java:50)
	at org.junit.runners.ParentRunner$3.run(ParentRunner.java:193)
	at org.junit.runners.ParentRunner$1.schedule(ParentRunner.java:52)
	at org.junit.runners.ParentRunner.runChildren(ParentRunner.java:191)
	at org.junit.runners.ParentRunner.access$000(ParentRunner.java:42)
	at org.junit.runners.ParentRunner$2.evaluate(ParentRunner.java:184)
	at org.junit.internal.runners.statements.RunBefores.evaluate(RunBefores.java:28)
	at org.junit.internal.runners.statements.RunAfters.evaluate(RunAfters.java:31)
	at org.junit.runners.ParentRunner.run(ParentRunner.java:236)
	at org.apache.maven.surefire.junit4.JUnit4TestSet.execute(JUnit4TestSet.java:62)
	at org.apache.maven.surefire.suite.AbstractDirectoryTestSuite.executeTestSet(AbstractDirectoryTestSuite.java:140)
	at org.apache.maven.surefire.suite.AbstractDirectoryTestSuite.execute(AbstractDirectoryTestSuite.java:127)
	at org.apache.maven.surefire.Surefire.run(Surefire.java:177)
	at sun.reflect.NativeMethodAccessorImpl.invoke0(Native Method)
	at sun.reflect.NativeMethodAccessorImpl.invoke(NativeMethodAccessorImpl.java:39)
	at sun.reflect.DelegatingMethodAccessorImpl.invoke(DelegatingMethodAccessorImpl.java:25)
	at java.lang.reflect.Method.invoke(Method.java:597)
	at org.apache.maven.surefire.booter.SurefireBooter.runSuitesInProcess(SurefireBooter.java:345)
	at org.apache.maven.surefire.booter.SurefireBooter.main(SurefireBooter.java:1009)
</failure>
  </testcase>
  <testcase time="0.003" classname="lucandra.NumericRangeTests" name="testLongRangeMaxAll">
    <failure message="expected:&lt;3&gt; but was:&lt;0&gt;" type="java.lang.AssertionError">java.lang.AssertionError: expected:&lt;3&gt; but was:&lt;0&gt;
	at org.junit.Assert.fail(Assert.java:91)
	at org.junit.Assert.failNotEquals(Assert.java:645)
	at org.junit.Assert.assertEquals(Assert.java:126)
	at org.junit.Assert.assertEquals(Assert.java:470)
	at org.junit.Assert.assertEquals(Assert.java:454)
	at lucandra.NumericRangeTests.testLongRangeMaxAll(NumericRangeTests.java:291)
	at sun.reflect.NativeMethodAccessorImpl.invoke0(Native Method)
	at sun.reflect.NativeMethodAccessorImpl.invoke(NativeMethodAccessorImpl.java:39)
	at sun.reflect.DelegatingMethodAccessorImpl.invoke(DelegatingMethodAccessorImpl.java:25)
	at java.lang.reflect.Method.invoke(Method.java:597)
	at org.junit.runners.model.FrameworkMethod$1.runReflectiveCall(FrameworkMethod.java:44)
	at org.junit.internal.runners.model.ReflectiveCallable.run(ReflectiveCallable.java:15)
	at org.junit.runners.model.FrameworkMethod.invokeExplosively(FrameworkMethod.java:41)
	at org.junit.internal.runners.statements.InvokeMethod.evaluate(InvokeMethod.java:20)
	at org.junit.internal.runners.statements.RunBefores.evaluate(RunBefores.java:28)
	at org.junit.runners.BlockJUnit4ClassRunner.runChild(BlockJUnit4ClassRunner.java:76)
	at org.junit.runners.BlockJUnit4ClassRunner.runChild(BlockJUnit4ClassRunner.java:50)
	at org.junit.runners.ParentRunner$3.run(ParentRunner.java:193)
	at org.junit.runners.ParentRunner$1.schedule(ParentRunner.java:52)
	at org.junit.runners.ParentRunner.runChildren(ParentRunner.java:191)
	at org.junit.runners.ParentRunner.access$000(ParentRunner.java:42)
	at org.junit.runners.ParentRunner$2.evaluate(ParentRunner.java:184)
	at org.junit.internal.runners.statements.RunBefores.evaluate(RunBefores.java:28)
	at org.junit.internal.runners.statements.RunAfters.evaluate(RunAfters.java:31)
	at org.junit.runners.ParentRunner.run(ParentRunner.java:236)
	at org.apache.maven.surefire.junit4.JUnit4TestSet.execute(JUnit4TestSet.java:62)
	at org.apache.maven.surefire.suite.AbstractDirectoryTestSuite.executeTestSet(AbstractDirectoryTestSuite.java:140)
	at org.apache.maven.surefire.suite.AbstractDirectoryTestSuite.execute(AbstractDirectoryTestSuite.java:127)
	at org.apache.maven.surefire.Surefire.run(Surefire.java:177)
	at sun.reflect.NativeMethodAccessorImpl.invoke0(Native Method)
	at sun.reflect.NativeMethodAccessorImpl.invoke(NativeMethodAccessorImpl.java:39)
	at sun.reflect.DelegatingMethodAccessorImpl.invoke(DelegatingMethodAccessorImpl.java:25)
	at java.lang.reflect.Method.invoke(Method.java:597)
	at org.apache.maven.surefire.booter.SurefireBooter.runSuitesInProcess(SurefireBooter.java:345)
	at org.apache.maven.surefire.booter.SurefireBooter.main(SurefireBooter.java:1009)
</failure>
  </testcase>
</testsuite>